<?xml version="1.0" encoding="UTF-8"?>
<!-- Generated by org.testng.reporters.JUnitReportReporter -->
<testsuite hostname="Robin" failures="0" tests="6" name="api.test.DDTtest" time="6.047" errors="0" timestamp="2024-02-24T13:33:51 EST" skipped="0">
  <testcase classname="api.test.DDTtest" name="testPostUser" time="0.327"/>
  <system-out/>
  <testcase classname="api.test.DDTtest" name="testPostUser" time="2.636"/>
  <system-out/>
  <testcase classname="api.test.DDTtest" name="testPostUser" time="0.538"/>
  <system-out/>
  <testcase classname="api.test.DDTtest" name="deleteUser" time="0.450"/>
  <system-out/>
  <testcase classname="api.test.DDTtest" name="deleteUser" time="1.035"/>
  <system-out/>
  <testcase classname="api.test.DDTtest" name="deleteUser" time="1.061"/>
  <system-out/>
</testsuite> <!-- api.test.DDTtest -->
