<?xml version="1.0" encoding="UTF-8"?>
<!-- Generated by org.testng.reporters.JUnitReportReporter -->
<testsuite hostname="Robin" failures="0" tests="4" name="api.test.UserTests" time="4.478" errors="0" timestamp="2024-02-24T12:42:56 EST" skipped="0">
  <testcase classname="api.test.UserTests" name="testPostUser" time="2.738"/>
  <system-out/>
  <testcase classname="api.test.UserTests" name="getuser" time="0.274"/>
  <system-out/>
  <testcase classname="api.test.UserTests" name="updateUserbyUserName" time="0.597"/>
  <system-out/>
  <testcase classname="api.test.UserTests" name="delteusername" time="0.869"/>
  <system-out/>
</testsuite> <!-- api.test.UserTests -->
