<?xml version="1.0" encoding="UTF-8"?>
<!-- Generated by org.testng.reporters.JUnitReportReporter -->
<testsuite hostname="Robin" failures="0" tests="4" name="api.test.UserTests" time="6.184" errors="0" timestamp="2024-02-24T13:38:01 EST" skipped="0">
  <testcase classname="api.test.UserTests" name="testPostUser" time="2.176"/>
  <system-out/>
  <testcase classname="api.test.UserTests" name="getuser" time="0.794"/>
  <system-out/>
  <testcase classname="api.test.UserTests" name="updateUserbyUserName" time="1.238"/>
  <system-out/>
  <testcase classname="api.test.UserTests" name="delteusername" time="1.976"/>
  <system-out/>
</testsuite> <!-- api.test.UserTests -->
